Starting Dynare (version 4.5.6).
Starting preprocessing of the model file ...
Found 6 equation(s).
Evaluating expressions...done
Computing static model derivatives:
 - order 1
Computing dynamic model derivatives:
 - order 1
 - order 2
Processing outputs ...
done
Preprocessing completed.

STEADY-STATE RESULTS:

pi 		 0.08
x  		 -4.33681e-19
i  		 0.0900503
v  		 3.06219e-17
s  		 3.09312e-19
r  		 0

EIGENVALUES:
         Modulus             Real        Imaginary

          0.6601           0.6601                0
            1.33            1.258           0.4315
            1.33            1.258          -0.4315


There are 2 eigenvalue(s) larger than 1 in modulus 
for 2 forward-looking variable(s)

The rank condition is verified.


MODEL SUMMARY

  Number of variables:         6
  Number of stochastic shocks: 2
  Number of state variables:   1
  Number of jumpers:           2
  Number of static variables:  3


MATRIX OF COVARIANCE OF EXOGENOUS SHOCKS
Variables       eps_s     eps_i
eps_s        1.000000  0.000000
eps_i        0.000000  1.000000

POLICY AND TRANSITION FUNCTIONS
                                  pi               x               i               v               s               r
Constant                    0.080000               0        0.090050               0               0               0
v(-1)                              0               0               0        0.660101        0.350000               0
eps_s                              0               0               0       -1.000000        1.000000               0
eps_i                      -0.285714       -0.571429        0.571429        0.971429       -0.114286        0.571429


THEORETICAL MOMENTS
VARIABLE         MEAN  STD. DEV.   VARIANCE
pi             0.0800     0.2857     0.0816
x              0.0000     0.5714     0.3265
i              0.0901     0.5714     0.3265
v              0.0000     1.8560     3.4446
s              0.0000     1.1979     1.4350
r              0.0000     0.5714     0.3265



VARIANCE DECOMPOSITION (in percent)
       eps_s   eps_i
pi      0.00  100.00
x       0.00  100.00
i       0.00  100.00
v      51.45   48.55
s      84.81   15.19
r       0.00  100.00



MATRIX OF CORRELATIONS
Variables        pi       x       i       v       s       r
pi           1.0000  1.0000 -1.0000 -0.5234  0.0954 -1.0000
x            1.0000  1.0000 -1.0000 -0.5234  0.0954 -1.0000
i           -1.0000 -1.0000  1.0000  0.5234 -0.0954  1.0000
v           -0.5234 -0.5234  0.5234  1.0000 -0.1418  0.5234
s            0.0954  0.0954 -0.0954 -0.1418  1.0000 -0.0954
r           -1.0000 -1.0000  1.0000  0.5234 -0.0954  1.0000



COEFFICIENTS OF AUTOCORRELATION
Order         1       2       3       4       5
pi       0.0000  0.0000  0.0000  0.0000  0.0000
x       -0.0000 -0.0000 -0.0000 -0.0000 -0.0000
i       -0.0000 -0.0000 -0.0000 -0.0000 -0.0000
v        0.6601  0.4357  0.2876  0.1899  0.1253
s       -0.0769 -0.0507 -0.0335 -0.0221 -0.0146
r        0.0000  0.0000  0.0000  0.0000  0.0000
Total computing time : 0h00m01s
