Starting Dynare (version 4.5.6).
Starting preprocessing of the model file ...
Found 9 equation(s).
Evaluating expressions...done
Computing static model derivatives:
 - order 1
Computing dynamic model derivatives:
 - order 1
 - order 2
Processing outputs ...
done
Preprocessing completed.

STEADY-STATE RESULTS:

pi    		 0.08
x     		 -0.0008
i     		 0.0900503
v     		 -9.02251e-19
r     		 0
vstar 		 3.1014e-17
s     		 4.46569e-19
rn    		 0.0900503
q     		 2.08167e-16

EIGENVALUES:
         Modulus             Real        Imaginary

               0                0                0
       5.635e-16        5.635e-16                0
          0.2926           0.2926                0
          0.5051           0.5051                0
          0.6601           0.6601                0
           1.667            1.667                0
           2.071            2.071                0


There are 2 eigenvalue(s) larger than 1 in modulus 
for 4 forward-looking variable(s)

The rank condition ISN'T verified!

{Error using <a href="matlab:matlab.internal.language.introspective.errorDocCallback('print_info')" style="font-weight:bold">print_info</a>
Blanchard Kahn conditions are not satisfied:
indeterminacy

Error in <a href="matlab:matlab.internal.language.introspective.errorDocCallback('stoch_simul', 'I:\Dynare\4.5.6\matlab\stoch_simul.m', 100)" style="font-weight:bold">stoch_simul</a> (<a href="matlab: opentoline('I:\Dynare\4.5.6\matlab\stoch_simul.m',100,0)">line 100</a>)
    print_info(info, options_.noprint, options_);

Error in <a href="matlab:matlab.internal.language.introspective.errorDocCallback('NK_CS_LTB', 'C:\Users\Herbert\Dropbox\HerbertXin\Codes\Simple Model\NK_CS_LTB.m', 198)" style="font-weight:bold">NK_CS_LTB</a> (<a href="matlab: opentoline('C:\Users\Herbert\Dropbox\HerbertXin\Codes\Simple Model\NK_CS_LTB.m',198,0)">line 198</a>)
info = stoch_simul(var_list_);

Error in <a href="matlab:matlab.internal.language.introspective.errorDocCallback('dynare', 'I:\Dynare\4.5.6\matlab\dynare.m', 235)" style="font-weight:bold">dynare</a> (<a href="matlab: opentoline('I:\Dynare\4.5.6\matlab\dynare.m',235,0)">line 235</a>)
evalin('base',fname) ;
} 
detailed_disinf

Configuring Dynare ...
[mex] Generalized QZ.
[mex] Sylvester equation solution.
[mex] Kronecker products.
[mex] Sparse kronecker products.
[mex] Local state space iteration (second order).
[mex] Bytecode evaluation.
[mex] k-order perturbation solver.
[mex] k-order solution simulation.
[mex] Quasi Monte-Carlo sequence (Sobol).
[mex] Markov Switching SBVAR.

Using 64-bit preprocessor
Starting Dynare (version 4.5.6).
Starting preprocessing of the model file ...
Found 8 equation(s).
Evaluating expressions...done
Computing static model derivatives:
 - order 1
Computing dynamic model derivatives:
 - order 1
 - order 2
Processing outputs ...
done
Preprocessing completed.

