Starting Dynare (version 4.5.6).
Starting preprocessing of the model file ...
WARNING: eps_s not used in model block, removed by nostrict command-line option
Found 46 equation(s).
Evaluating expressions...done
Computing static model derivatives:
 - order 1
Computing dynamic model derivatives:
 - order 1
 - order 2
Processing outputs ...
done
Preprocessing completed.
[Warning: Some of the parameters have no value (ccs, cinvs, crdpi) when using steady. If these
parameters are not initialized in a steadystate file or a steady_state_model-block, Dynare may not be
able to solve the model...] 

STEADY-STATE RESULTS:

labobs  		 0.5509
robs    		 2.73374
pinfobs 		 2
dy      		 0.4
dc      		 0.4
dinve   		 0.4
dw      		 0.4
ewma    		 0
epinfma 		 0
zcapf   		 -1.82975e-17
rkf     		 -2.20231e-17
kf      		 2.95686e-17
pkf     		 0
cf      		 5.86857e-18
invef   		 4.78661e-17
yf      		 1.21211e-17
labf    		 5.90817e-19
wf      		 6.95467e-18
rrf     		 3.04411e-16
mc      		 1.90216e-14
zcap    		 6.0935e-15
rk      		 7.33423e-15
k       		 2.24822e-14
pk      		 0
c       		 2.04249e-14
inve    		 1.63887e-14
y       		 1.73409e-14
lab     		 7.10413e-15
pinf    		 2
w       		 2.27123e-14
r       		 0
a       		 0
b       		 3.74051e-17
g       		 2.6207e-18
qs      		 0
ms      		 -6.51463e-17
spinf   		 -1.55979e-16
sw      		 1.12173e-16
kpf     		 4.78661e-17
kp      		 1.63887e-14
v       		 4.4671e-16
rn      		 2.73374
q       		 -1.4803e-15
s       		 0
rr      		 -0.733743
vstar   		 1.31647e-16

EIGENVALUES:
         Modulus             Real        Imaginary

        7.76e-18         7.76e-18                0
       1.276e-17        1.276e-17                0
       1.507e-17        1.507e-17                0
       2.437e-17       -2.437e-17                0
       9.044e-17        9.044e-17                0
          0.1479           0.1479                0
          0.2194           0.2194                0
          0.2398           0.2398                0
             0.5              0.5        5.496e-09
             0.5              0.5       -5.496e-09
          0.5179           0.5179                0
          0.6569           0.6569                0
          0.7113           0.7113                0
           0.821            0.821                0
          0.8239           0.8239                0
          0.8294            0.824          0.09449
          0.8294            0.824         -0.09449
          0.8895           0.8895                0
          0.9577           0.9577                0
          0.9688           0.9688                0
          0.9703           0.9703                0
          0.9713           0.9713                0
          0.9767           0.9767                0
           1.046            1.046                0
           1.049            1.049                0
           1.092            1.092                0
           1.149            1.128           0.2203
           1.149            1.128          -0.2203
           1.176            1.176                0
           1.213            1.213                0
           1.302            1.302                0
       2.187e+16       -2.187e+16                0
       2.468e+16        2.468e+16                0
       4.659e+16        4.659e+16                0
       5.312e+16       -5.312e+16                0
       7.171e+16       -7.171e+16                0
       3.306e+18       -3.306e+18                0


There are 14 eigenvalue(s) larger than 1 in modulus 
for 14 forward-looking variable(s)

The rank condition is verified.

[Warning: Some of the parameters have no value (ccs, cinvs, crdpi) when using stoch_simul. If these
parameters are not initialized in a steadystate file or a steady_state_model-block, Dynare may not be
able to solve the model...] 

MODEL SUMMARY

  Number of variables:         46
  Number of stochastic shocks: 8
  Number of state variables:   23
  Number of jumpers:           14
  Number of static variables:  15


MATRIX OF COVARIANCE OF EXOGENOUS SHOCKS
Variables          ea        eb        eg       eqs        em     epinf        ew     eps_s
ea           0.213259  0.000000  0.000000  0.000000  0.000000  0.000000  0.000000  0.000000
eb           0.000000  3.427312  0.000000  0.000000  0.000000  0.000000  0.000000  0.000000
eg           0.000000  0.000000  0.370881  0.000000  0.000000  0.000000  0.000000  0.000000
eqs          0.000000  0.000000  0.000000  0.362043  0.000000  0.000000  0.000000  0.000000
em           0.000000  0.000000  0.000000  0.000000  0.057456  0.000000  0.000000  0.000000
epinf        0.000000  0.000000  0.000000  0.000000  0.000000  0.021170  0.000000  0.000000
ew           0.000000  0.000000  0.000000  0.000000  0.000000  0.000000  0.043639  0.000000
eps_s        0.000000  0.000000  0.000000  0.000000  0.000000  0.000000  0.000000  1.000000

POLICY AND TRANSITION FUNCTIONS
                              labobs            robs         pinfobs              dy              dc           dinve              dw            ewma         epinfma           zcapf             rkf              kf             pkf              cf           invef              yf            labf              wf             rrf              mc            zcap              rk               k              pk               c            inve               y             lab            pinf               w               r               a               b               g              qs              ms           spinf              sw             kpf              kp               v              rn               q               s              rr           vstar
Constant                    0.550900        2.733743        2.000000        0.400000        0.400000        0.400000        0.400000               0               0               0               0               0               0               0               0               0               0               0               0               0               0               0               0               0               0               0               0               0        2.000000               0               0               0               0               0               0               0               0               0               0               0               0        2.733743               0               0       -0.733743               0
ewma(-1)                    1.447586       -0.819545       -3.034540        1.479762        2.187057        1.564343       -3.091107               0               0               0               0               0               0               0               0               0               0               0               0       -2.564687       -0.745830       -0.897691       -0.745830       -6.291693        2.187057        1.564343        1.479762        1.447586       -3.034540       -3.091107       -0.819545               0               0               0               0               0               0       -0.850300               0        0.045185        7.278459       10.763742       12.663226       -0.758635       -2.894743        0.758635
epinfma(-1)                 0.837038       -0.759615       -3.120437        1.865960        0.660570        4.355720        3.987312               0               0               0               0               0               0               0               0               0               0               0               0        3.662772        2.189290        2.635060        2.189290        0.981083        0.660570        4.355720        1.865960        0.837038       -3.120437        3.987312       -0.759615               0               0               0               0               0       -0.701000               0               0        0.125813        4.284640        4.668735        5.492629       -0.780109       -2.352903        0.780109
yf(-1)                     -0.105592        0.174919       -0.032902       -0.153342       -0.153212       -0.211035       -0.034035               0               0               0               0               0               0               0               0               0               0               0               0       -0.044170       -0.063363       -0.076264       -0.063363       -0.583835       -0.153212       -0.211035       -0.153342       -0.105592       -0.032902       -0.034035        0.174919               0               0               0               0               0               0               0               0       -0.006096       -0.110606       -0.262339       -0.308634       -0.008226       -0.214758        0.008226
y(-1)                       0.105592       -0.174919        0.032902       -0.846658        0.153212        0.211035        0.034035               0               0               0               0               0               0               0               0               0               0               0               0        0.044170        0.063363        0.076264        0.063363        0.583835        0.153212        0.211035        0.153342        0.105592        0.032902        0.034035       -0.174919               0               0               0               0               0               0               0               0        0.006096        0.110606        0.262339        0.308634        0.008226        0.214758       -0.008226
r(-1)                      -0.380779        0.630782       -0.118650       -0.552972       -0.552505       -0.761021       -0.122736               0               0               0               0               0               0               0               0               0               0               0               0       -0.159284       -0.228495       -0.275020       -0.228495       -2.105391       -0.552505       -0.761021       -0.552972       -0.380779       -0.118650       -0.122736        0.630782               0               0               0               0               0               0               0               0       -0.021982       -0.398860       -0.946032       -1.112979       -0.029662       -0.774448        0.029662
a(-1)                      -0.962523       -0.177370       -0.127483        0.219625        0.233975        0.776219        0.141091               0               0        0.211734        0.254846        0.211734        2.904693        0.721103        1.217853        0.749514       -0.713074        1.179654       -1.273399       -0.958150       -0.372766       -0.448666       -0.372766        0.799829        0.233975        0.776219        0.219625       -0.962523       -0.127483        0.141091       -0.177370        0.957700               0               0               0               0               0               0        0.035177        0.022421        0.469511        0.779669        0.917258       -0.031871        0.043847        0.031871
b(-1)                       0.275196        0.102669        0.019811        0.393430        0.477671        0.320284        0.053190               0               0               0               0               0               0               0               0               0               0               0        1.789652        0.083472        0.149022        0.179364        0.149022        1.986720        0.477671        0.320284        0.393430        0.275196        0.019811        0.053190        0.102669               0        0.219400               0               0               0               0               0               0        0.009251       -0.146602       -0.268440       -0.315812        0.004953       -0.080187       -0.004953
g(-1)                       0.667374        0.055741        0.028343        0.934402       -0.115564       -0.217353        0.016393               0               0        0.211603        0.254689        0.211603       -1.024013       -0.314287       -0.410119        0.749051        0.546720       -0.080428        0.482126        0.102093        0.310294        0.373474        0.310294       -0.215622       -0.115564       -0.217353        0.934402        0.667374        0.028343        0.016393        0.055741               0               0        0.976700               0               0               0               0       -0.011846       -0.006278        0.328940       -0.283392       -0.333402        0.007086       -0.023118       -0.007086
qs(-1)                      0.411250        0.069191        0.071911        0.585505       -0.053442        2.617304        0.065585               0               0        0.117074        0.140911        0.117074       -1.576101       -0.173885        2.272619        0.414427        0.302483       -0.044498       -0.229891        0.112352        0.216388        0.260447        0.216388       -1.214843       -0.053442        2.617304        0.585505        0.411250        0.071911        0.065585        0.069191               0               0               0        0.711300               0               0               0        0.184947        0.194903       -0.404399       -0.718909       -0.845775        0.017978        0.017463       -0.017978
ms(-1)                     -0.080364        0.109540       -0.026189       -0.116819       -0.115187       -0.164781       -0.026552               0               0               0               0               0               0               0               0               0               0               0               0       -0.034195       -0.048519       -0.058398       -0.048519       -0.435954       -0.115187       -0.164781       -0.116819       -0.080364       -0.026189       -0.026552        0.109540               0               0               0               0        0.147900               0               0               0       -0.004760       -0.075282       -0.183300       -0.215647       -0.006547       -0.141276        0.006547
spinf(-1)                  -1.062119        0.963877        3.959527       -2.367720       -0.838198       -5.526980       -5.059507               0               0               0               0               0               0               0               0               0               0               0               0       -4.647697       -2.777994       -3.343632       -2.777994       -1.244898       -0.838198       -5.526980       -2.367720       -1.062119        3.959527       -5.059507        0.963877               0               0               0               0               0        0.889500               0               0       -0.159644       -5.436787       -5.924165       -6.969606        0.989882        2.985602       -0.989882
sw(-1)                     -1.649326        0.933759        3.457441       -1.685985       -2.491851       -1.782354        3.521892               0               0               0               0               0               0               0               0               0               0               0               0        2.922109        0.849771        1.022796        0.849771        7.168520       -2.491851       -1.782354       -1.685985       -1.649326        3.457441        3.521892        0.933759               0               0               0               0               0               0        0.968800               0       -0.051482       -8.292804      -12.263805      -14.428006        0.864360        3.298162       -0.864360
kpf(-1)                     0.011248        0.008329        0.008280        0.016343        0.014306        0.028120        0.003679               0               0       -0.455171       -0.547851        0.544829        0.309272        0.143786        0.081258       -0.004855       -0.176028        0.173006       -0.184842        0.004753        0.006774        0.008153        0.006774        0.049048        0.014306        0.028120        0.016343        0.011248        0.008280        0.003679        0.008329               0               0               0               0               0               0               0        0.973463        0.000812       -0.014220       -0.018091       -0.021283        0.002070        0.001865       -0.002070
kp(-1)                     -0.225536       -0.037302       -0.033324       -0.100975        0.055932       -0.015248        0.018599               0               0               0               0               0               0               0               0               0               0               0               0       -0.144080       -0.547708       -0.659229        0.452292       -0.054051        0.055932       -0.015248       -0.100975       -0.225536       -0.033324        0.018599       -0.037302               0               0               0               0               0               0               0               0        0.970675        0.115549        0.189443        0.222874       -0.008331       -0.000418        0.008331
v(-1)                              0               0               0               0               0               0               0               0               0               0               0               0               0               0               0               0               0               0               0               0               0               0               0               0               0               0               0               0               0               0               0               0               0               0               0               0               0               0               0               0        0.500000               0               0               0               0               0
q(-1)                              0               0               0               0               0               0               0               0               0               0               0               0               0               0               0               0               0               0               0               0               0               0               0               0               0               0               0               0               0               0               0               0               0               0               0               0               0               0               0               0       -0.500000       -1.000000               0               0               0               0
vstar(-1)                          0               0               0               0               0               0               0               0               0               0               0               0               0               0               0               0               0               0               0               0               0               0               0               0               0               0               0               0               0               0               0               0               0               0               0               0               0               0               0               0       -0.250000               0               0        0.500000               0        0.500000
cf(-1)                      0.009469       -0.075359       -0.002360        0.013398        0.018597        0.004742        0.001034               0               0        0.090891        0.109397        0.090891       -0.845270        0.575462       -0.219895        0.321742        0.234834       -0.034546        0.463420        0.002163        0.004766        0.005737        0.004766        0.082041        0.018597        0.004742        0.013398        0.009469       -0.002360        0.001034       -0.075359               0               0               0               0               0               0               0       -0.006352        0.000137        0.045436        0.087923        0.103438       -0.000590        0.072360        0.000590
invef(-1)                   0.007519       -0.030633        0.000714        0.010796        0.012468        0.010462        0.001720               0               0        0.039218        0.047203        0.039218       -0.418724       -0.058248        0.761286        0.138826        0.101326       -0.014906        0.164949        0.002518        0.004193        0.005046        0.004193        0.051173        0.012468        0.010462        0.010796        0.007519        0.000714        0.001720       -0.030633               0               0               0               0               0               0               0        0.021989        0.000302        0.018800        0.038492        0.045285        0.000179        0.031457       -0.000179
c(-1)                       0.328670        0.117241        0.014410        0.462463       -0.270562       -0.074361        0.021145               0               0               0               0               0               0               0               0               0               0               0               0        0.061927        0.158746        0.191069        0.158746       -0.220217        0.729438       -0.074361        0.462463        0.328670        0.014410        0.021145        0.117241               0               0               0               0               0               0               0               0       -0.002148       -0.124081       -0.230150       -0.270765        0.003603       -0.100921       -0.003603
inve(-1)                    0.139708        0.050457        0.007444        0.197036        0.002420       -0.171589        0.011596               0               0               0               0               0               0               0               0               0               0               0               0        0.028647        0.068662        0.082642        0.068662       -0.178185        0.002420        0.828411        0.197036        0.139708        0.007444        0.011596        0.050457               0               0               0               0               0               0               0               0        0.023928       -0.069825       -0.130345       -0.153347        0.001861       -0.041938       -0.001861
pinf(-1)                   -0.072289        0.082687        0.251192       -0.060995       -0.079585       -0.138354        0.228102               0               0               0               0               0               0               0               0               0               0               0               0        0.193782        0.070708        0.085105        0.070708       -0.242950       -0.079585       -0.138354       -0.060995       -0.072289        0.251192        0.228102        0.082687               0               0               0               0               0               0               0               0       -0.003996       -0.249012       -0.184034       -0.216511        0.062798       -0.018710       -0.062798
w(-1)                      -0.069691        0.034315        0.064622        0.038331       -0.038657       -0.070095       -0.224911               0               0               0               0               0               0               0               0               0               0               0               0        0.681537        0.320110        0.385288        0.320110       -0.022893       -0.038657       -0.070095        0.038331       -0.069691        0.064622        0.775089        0.034315               0               0               0               0               0               0               0               0       -0.002025       -0.103876       -0.126974       -0.149381        0.016155        0.028184       -0.016155
ea                         -0.650611       -0.155602       -0.118061        0.725562        0.182937        0.695073        0.156029               0               0        0.333463        0.401361        0.333463        2.489162        0.586043        1.053841        1.180421       -0.454220        1.189044       -1.073598       -0.946252       -0.224441       -0.270141       -0.224441        0.720645        0.182937        0.695073        0.725562       -0.650611       -0.118061        0.156029       -0.155602        1.000000               0        0.518700               0               0               0               0        0.030440        0.020077        0.664940        0.663604        0.780710       -0.029515        0.033506        0.029515
eb                          1.254311        0.467955        0.090298        1.793207        2.177171        1.459819        0.242435               0               0               0               0               0               0               0               0               0               0               0        8.157027        0.380456        0.679223        0.817522        0.679223        9.055242        2.177171        1.459819        1.793207        1.254311        0.090298        0.242435        0.467955               0        1.000000               0               0               0               0               0               0        0.042166       -0.668196       -1.223520       -1.439436        0.022574       -0.365482       -0.022574
eg                          0.683295        0.057071        0.029019        0.956693       -0.118321       -0.222538        0.016784               0               0        0.216651        0.260764        0.216651       -1.048441       -0.321785       -0.419902        0.766921        0.559762       -0.082347        0.493627        0.104528        0.317696        0.382383        0.317696       -0.220766       -0.118321       -0.222538        0.956693        0.683295        0.029019        0.016784        0.057071               0               0        1.000000               0               0               0               0       -0.012129       -0.006428        0.336787       -0.290153       -0.341356        0.007255       -0.023669       -0.007255
eqs                         0.578167        0.097274        0.101098        0.823148       -0.075133        3.679607        0.092205               0               0        0.164591        0.198104        0.164591       -2.215803       -0.244461        3.195022        0.582633        0.425254       -0.062559       -0.323199        0.157953        0.304215        0.366157        0.304215       -1.707919       -0.075133        3.679607        0.823148        0.578167        0.101098        0.092205        0.097274               0               0               0        1.000000               0               0               0        0.260012        0.274009       -0.568535       -1.010697       -1.189056        0.025275        0.024551       -0.025275
em                         -0.543369        0.740635       -0.177072       -0.789855       -0.778815       -1.114136       -0.179529               0               0               0               0               0               0               0               0               0               0               0               0       -0.231205       -0.328051       -0.394847       -0.328051       -2.947629       -0.778815       -1.114136       -0.789855       -0.543369       -0.177072       -0.179529        0.740635               0               0               0               0        1.000000               0               0               0       -0.032181       -0.509004       -1.239348       -1.458056       -0.044268       -0.955212        0.044268
epinf                      -0.380085        0.481788        1.802571       -0.899864       -0.429140       -1.708834       -2.111002               0        1.000000               0               0               0               0               0               0               0               0               0               0       -1.930913       -1.130456       -1.360632       -1.130456       -1.220845       -0.429140       -1.708834       -0.899864       -0.380085        1.802571       -2.111002        0.481788               0               0               0               0               0        1.000000               0               0       -0.049359       -2.053368       -1.853522       -2.180614        0.450643        0.569646       -0.450643
ew                         -0.330375        0.178032        0.549776       -0.145687       -0.382359       -0.347879        1.803066        1.000000               0               0               0               0               0               0               0               0               0               0               0        1.563382        0.668307        0.804384        0.668307        0.864942       -0.382359       -0.347879       -0.145687       -0.330375        0.549776        1.803066        0.178032               0               0               0               0               0               0        1.000000               0       -0.010048       -1.229062       -1.770905       -2.083417        0.137444        0.465805       -0.137444


THEORETICAL MOMENTS
VARIABLE         MEAN  STD. DEV.   VARIANCE
labobs         0.5509     5.0115    25.1148
robs           2.7337     1.6143     2.6061
pinfobs        2.0000     0.6979     0.4871
dy             0.4000     3.6720    13.4839
dc             0.4000     4.2971    18.4654
dinve          0.4000     4.0973    16.7879
dw             0.4000     0.7498     0.5622
ewma           0.0000     0.2089     0.0436
epinfma        0.0000     0.1455     0.0212
zcapf         -0.0000     2.7444     7.5317
rkf           -0.0000     3.3032    10.9111
kf             0.0000     4.3105    18.5806
pkf            0.0000     4.0232    16.1864
cf             0.0000     3.5439    12.5589
invef          0.0000    10.7129   114.7662
yf             0.0000     3.8287    14.6589
labf           0.0000     1.3379     1.7899
wf             0.0000     2.3386     5.4691
rrf            0.0000    15.5030   240.3420
mc             0.0000     2.9530     8.7200
zcap           0.0000     4.0325    16.2612
rk             0.0000     4.8536    23.5573
k              0.0000     6.5889    43.4133
pk             0.0000    17.2808   298.6251
c              0.0000     9.1417    83.5700
inve           0.0000    14.5656   212.1574
y              0.0000     8.3098    69.0522
lab            0.0000     5.0115    25.1148
pinf           2.0000     0.6979     0.4871
w              0.0000     3.6972    13.6694
r              0.0000     1.6143     2.6061
a              0.0000     1.6048     2.5753
b              0.0000     1.8975     3.6006
g              0.0000     3.0493     9.2984
qs             0.0000     0.8560     0.7328
ms            -0.0000     0.2424     0.0587
spinf         -0.0000     0.1574     0.0248
sw             0.0000     0.2315     0.0536
kpf            0.0000     6.7746    45.8954
kp             0.0000     8.5373    72.8861
v              0.0000     3.4408    11.8393
rn             2.7337     2.9205     8.5296
q             -0.0000     5.1277    26.2937
s              0.0000     0.1027     0.0106
rr            -0.7337     1.2180     1.4836
vstar          0.0000     0.3173     0.1007



VARIANCE DECOMPOSITION (in percent)
               ea      eb      eg     eqs      em   epinf      ew   eps_s
labobs       0.79   62.90    5.68    7.89    1.14    2.58   19.02    0.00
robs         1.60   81.81    0.79    8.02    2.22    1.29    4.28    0.00
pinfobs      2.55   32.81    0.88    6.83    3.32   22.86   30.74    0.00
dy           1.11   92.23    2.67    2.79    0.42    0.40    0.36    0.00
dc           0.13   98.99    0.08    0.06    0.29    0.13    0.31    0.00
dinve        1.76   49.75    0.32   45.64    0.68    1.22    0.62    0.00
dw           2.71   45.95    0.10    3.35    1.10   19.78   27.01    0.00
ewma         0.00    0.00    0.00    0.00    0.00    0.00  100.00    0.00
epinfma      0.00    0.00    0.00    0.00    0.00  100.00    0.00    0.00
zcapf       15.96    0.00   24.60   59.44    0.00    0.00    0.00    0.00
rkf         15.96    0.00   24.60   59.44    0.00    0.00    0.00    0.00
kf          37.36    0.00    9.55   53.09    0.00    0.00    0.00    0.00
pkf         12.68    0.00    3.69   83.63    0.00    0.00    0.00    0.00
cf          34.26    0.00   44.35   21.39    0.00    0.00    0.00    0.00
invef       23.29    0.00   10.14   66.57    0.00    0.00    0.00    0.00
yf          78.83    0.00    8.20   12.98    0.00    0.00    0.00    0.00
labf         4.06    0.00   65.23   30.71    0.00    0.00    0.00    0.00
wf          83.28    0.00    4.89   11.83    0.00    0.00    0.00    0.00
rrf          0.15   99.68    0.05    0.12    0.00    0.00    0.00    0.00
mc           6.42   42.52    0.28    5.08    2.08   33.17   10.45    0.00
zcap         6.50   33.36   11.63   33.55    0.92    6.56    7.49    0.00
rk           6.50   33.36   11.63   33.55    0.92    6.56    7.49    0.00
k           15.46   18.10    3.98   36.66    0.82    7.76   17.22    0.00
pk           0.17   96.49    0.03    2.87    0.30    0.12    0.03    0.00
c            4.63   61.60    5.92    3.50    0.83    1.90   21.61    0.00
inve        13.04    9.97    5.13   55.10    0.72    4.38   11.67    0.00
y           15.61   49.86    2.61    9.49    1.04    3.68   17.72    0.00
lab          0.79   62.90    5.68    7.89    1.14    2.58   19.02    0.00
pinf         2.55   32.81    0.88    6.83    3.32   22.86   30.74    0.00
w           22.63   22.84    1.62   12.84    1.48   27.32   11.27    0.00
r            1.60   81.81    0.79    8.02    2.22    1.29    4.28    0.00
a          100.00    0.00    0.00    0.00    0.00    0.00    0.00    0.00
b            0.00  100.00    0.00    0.00    0.00    0.00    0.00    0.00
g           13.40    0.00   86.60    0.00    0.00    0.00    0.00    0.00
qs           0.00    0.00    0.00  100.00    0.00    0.00    0.00    0.00
ms           0.00    0.00    0.00    0.00  100.00    0.00    0.00    0.00
spinf        0.00    0.00    0.00    0.00    0.00  100.00    0.00    0.00
sw           0.00    0.00    0.00    0.00    0.00    0.00  100.00    0.00
kpf         25.36    0.00   15.13   59.51    0.00    0.00    0.00    0.00
kp          16.19    1.90    8.97   50.74    0.33    3.45   18.43    0.00
v            9.93   16.90   68.21    2.05    0.58    1.21    1.12    0.00
rn           1.59   85.15    0.61    6.79    1.71    1.25    2.91    0.00
q            2.63   63.61    2.28   15.67    0.76    1.30   13.75    0.00
s            2.77   29.09    0.31    4.44    2.10   47.91   13.37    0.00
rr           0.91   82.29    0.44    6.71    7.56    0.82    1.28    0.00
vstar        2.51   33.58    1.00    7.33    3.58   17.61   34.38    0.00



MATRIX OF CORRELATIONS
Variables     labobs     robs  pinfobs       dy       dc    dinve       dw     ewma  epinfma    zcapf      rkf       kf      pkf       cf    invef       yf     labf       wf      rrf       mc     zcap       rk        k       pk        c     inve        y      lab     pinf        w        r        a        b        g       qs       ms    spinf       sw      kpf       kp        v       rn        q        s       rr    vstar
labobs        1.0000   0.7194   0.3482   0.2710   0.2678   0.2196   0.4476  -0.0138  -0.0110   0.1169   0.1169  -0.0179  -0.2889  -0.2514   0.1376   0.1296   0.3528  -0.0697   0.5763   0.5619   0.5980   0.5980   0.5061   0.4428   0.7796   0.5821   0.8849   1.0000   0.3482   0.3315   0.7194  -0.0195   0.5634   0.2094   0.2107  -0.0326  -0.0644  -0.1901  -0.0463   0.1373   0.0384  -0.0688  -0.6357   0.3787  -0.7619  -0.2603
robs          0.7194   1.0000   0.7299   0.2668   0.2899   0.1633   0.3693   0.0230   0.0434   0.0010   0.0010   0.0085  -0.2754  -0.1938   0.1522   0.0167   0.2004  -0.0976   0.6611   0.6466   0.5742   0.5742   0.3374   0.4900   0.5741   0.3590   0.5994   0.7194   0.7299   0.3801   1.0000  -0.1076   0.6491   0.0412   0.1733   0.1218   0.0737   0.1073   0.0155   0.0101  -0.1228   0.0077  -0.9559   0.3181  -0.9463  -0.6998
pinfobs       0.3482   0.7299   1.0000   0.0226   0.0313   0.0110   0.0490   0.1646   0.3758   0.0401   0.0401  -0.0310  -0.2847  -0.2055   0.1219  -0.0004   0.2263  -0.1299   0.3185   0.5613   0.4321   0.4321   0.1372   0.1838   0.2071   0.1487   0.2598   0.3482   1.0000   0.3398   0.7299  -0.1241   0.3063   0.0424   0.2134  -0.0728   0.4296   0.3657  -0.0248  -0.0845  -0.0978   0.1027  -0.8131   0.4416  -0.4779  -0.9569
dy            0.2710   0.2668   0.0226   1.0000   0.9639   0.8162   0.6180  -0.0083  -0.0357   0.0525   0.0525  -0.0190  -0.0477  -0.0025   0.0317   0.0384   0.0526   0.0090   0.8570   0.0016   0.1908   0.1908   0.0336   0.8912   0.2182   0.1279   0.2209   0.2710   0.0226  -0.0569   0.2668   0.0359   0.8616   0.0145   0.1354  -0.0553  -0.0428  -0.0183  -0.0281  -0.0538  -0.3884  -0.8764  -0.3086   0.3929  -0.2990   0.1023
dc            0.2678   0.2899   0.0313   0.9639   1.0000   0.7112   0.5878  -0.0186  -0.0145   0.0043   0.0043   0.0014   0.0050   0.0021   0.0195   0.0085  -0.0083   0.0134   0.8918   0.0210   0.1664   0.1664   0.0602   0.9291   0.2350   0.1260   0.2208   0.2678   0.0313  -0.0372   0.2899   0.0170   0.8942  -0.0065   0.0008  -0.0466  -0.0209  -0.0268   0.0001  -0.0250  -0.3786  -0.8635  -0.3068   0.3797  -0.3300   0.0885
dinve         0.2196   0.1633   0.0110   0.8162   0.7112   1.0000   0.5439  -0.0177  -0.0607   0.1701   0.1701  -0.0976  -0.1840  -0.0388   0.0938   0.0591   0.1576  -0.0299   0.6105  -0.0333   0.2286   0.2286  -0.0579   0.6295   0.1238   0.1406   0.1598   0.2196   0.0110  -0.1007   0.1633   0.0509   0.6254  -0.0065   0.5365  -0.0700  -0.0731  -0.0291  -0.1116  -0.1323  -0.3470  -0.7463  -0.2703   0.3715  -0.1650   0.1082
dw            0.4476   0.3693   0.0490   0.6180   0.5878   0.5439   1.0000   0.5023  -0.4096   0.0801   0.0801  -0.0147  -0.0865  -0.0247   0.1261   0.0844   0.0772   0.0418   0.6295   0.1910   0.3579   0.3579   0.1337   0.6223   0.3624   0.2927   0.3971   0.4476   0.0490   0.1014   0.3693   0.0859   0.6328   0.0103   0.1590  -0.0659  -0.4004   0.4142  -0.0315  -0.0469  -0.2635  -0.4636  -0.3996   0.3036  -0.3917   0.0444
ewma         -0.0138   0.0230   0.1646  -0.0083  -0.0186  -0.0177   0.5023   1.0000   0.0000   0.0000   0.0000   0.0000   0.0000   0.0000   0.0000   0.0000   0.0000   0.0000   0.0000   0.1106   0.0346   0.0346   0.0212   0.0105  -0.0087  -0.0050  -0.0037  -0.0138   0.1646   0.1019   0.0230   0.0000   0.0000   0.0000   0.0000   0.0000   0.0000   0.9022   0.0000  -0.0002  -0.0746  -0.1267  -0.0849   0.2795   0.0799  -0.0905
epinfma      -0.0110   0.0434   0.3758  -0.0357  -0.0145  -0.0607  -0.4096   0.0000   1.0000   0.0000   0.0000   0.0000   0.0000   0.0000   0.0000   0.0000   0.0000   0.0000   0.0000  -0.0951  -0.0408  -0.0408  -0.0250  -0.0103  -0.0068  -0.0171  -0.0158  -0.0110   0.3758  -0.0831   0.0434   0.0000   0.0000   0.0000   0.0000   0.0000   0.9244   0.0000   0.0000  -0.0008  -0.0868  -0.0923  -0.0619   0.6382   0.0680  -0.2067
zcapf         0.1169   0.0010   0.0401   0.0525   0.0043   0.1701   0.0801   0.0000   0.0000   1.0000   1.0000  -0.8362   0.1997  -0.6230  -0.3700  -0.1263   0.5269  -0.4301  -0.0061  -0.0956   0.6938   0.6938  -0.6344   0.0471  -0.2907  -0.3068  -0.1024   0.1169   0.0401  -0.3781   0.0010   0.0176   0.0000   0.3436  -0.0233   0.0000   0.0000   0.0000  -0.9275  -0.8092   0.2819  -0.0124  -0.1044   0.0446   0.0300  -0.0296
rkf           0.1169   0.0010   0.0401   0.0525   0.0043   0.1701   0.0801   0.0000   0.0000   1.0000   1.0000  -0.8362   0.1997  -0.6230  -0.3700  -0.1263   0.5269  -0.4301  -0.0061  -0.0956   0.6938   0.6938  -0.6344   0.0471  -0.2907  -0.3068  -0.1024   0.1169   0.0401  -0.3781   0.0010   0.0176   0.0000   0.3436  -0.0233   0.0000   0.0000   0.0000  -0.9275  -0.8092   0.2819  -0.0124  -0.1044   0.0446   0.0300  -0.0296
kf           -0.0179   0.0085  -0.0310  -0.0190   0.0014  -0.0976  -0.0147   0.0000   0.0000  -0.8362  -0.8362   1.0000  -0.2713   0.6671   0.6273   0.6497  -0.2302   0.7939   0.0044   0.0532  -0.5863  -0.5863   0.7354  -0.0582   0.3157   0.5168   0.3563  -0.0179  -0.0310   0.5652   0.0085   0.4662   0.0000   0.0518   0.1590   0.0000   0.0000   0.0000   0.9789   0.8482   0.0487   0.0056   0.0682  -0.0219  -0.0336   0.0270
pkf          -0.2889  -0.2754  -0.2847  -0.0477   0.0050  -0.1840  -0.0865   0.0000   0.0000   0.1997   0.1997  -0.2713   1.0000   0.2914  -0.6561  -0.2140  -0.5381   0.0897  -0.0392  -0.2774  -0.0137  -0.0137  -0.3066   0.1684  -0.0061  -0.6141  -0.2450  -0.2889  -0.2847  -0.1728  -0.2754   0.1980   0.0000  -0.0180  -0.7890   0.0000   0.0000   0.0000  -0.2929  -0.2670   0.0354  -0.0197   0.3931  -0.1272   0.2136   0.2720
cf           -0.2514  -0.1938  -0.2055  -0.0025   0.0021  -0.0388  -0.0247   0.0000   0.0000  -0.6230  -0.6230   0.6671   0.2914   1.0000   0.3187   0.3431  -0.7379   0.7719  -0.0211  -0.1359  -0.5183  -0.5183   0.4064   0.0489   0.3510   0.1976   0.1089  -0.2514  -0.2055   0.3845  -0.1938   0.5471   0.0000  -0.3784  -0.1733   0.0000   0.0000   0.0000   0.6682   0.5491  -0.3531  -0.0837   0.3122  -0.0136   0.1478   0.2216
invef         0.1376   0.1522   0.1219   0.0317   0.0195   0.0938   0.1261   0.0000   0.0000  -0.3700  -0.3700   0.6273  -0.6561   0.3187   1.0000   0.6217   0.0883   0.5831   0.0141   0.1136  -0.1794  -0.1794   0.4939  -0.1242   0.2098   0.8509   0.3959   0.1376   0.1219   0.4582   0.1522   0.4630   0.0000  -0.1227   0.5888   0.0000   0.0000   0.0000   0.5913   0.5043  -0.1116   0.0450  -0.1851   0.0324  -0.1384  -0.1236
yf            0.1296   0.0167  -0.0004   0.0384   0.0085   0.0591   0.0844   0.0000   0.0000  -0.1263  -0.1263   0.6497  -0.2140   0.3431   0.6217   1.0000   0.3138   0.8396  -0.0005  -0.0363  -0.0987  -0.0987   0.4508  -0.0400   0.1681   0.5095   0.5024   0.1296  -0.0004   0.4982   0.0167   0.8675   0.0000   0.5699   0.2553   0.0000   0.0000   0.0000   0.4850   0.4126   0.4788  -0.0070  -0.0214   0.0223  -0.0191   0.0077
labf          0.3528   0.2004   0.2263   0.0526  -0.0083   0.1576   0.0772   0.0000   0.0000   0.5269   0.5269  -0.2302  -0.5381  -0.7379   0.0883   0.3138   1.0000  -0.2522   0.0274   0.1366   0.4584   0.4584  -0.1015  -0.0811  -0.2252   0.1340   0.2228   0.3528   0.2263  -0.0574   0.2004  -0.0191   0.0000   0.7310   0.4366   0.0000   0.0000   0.0000  -0.3362  -0.2724   0.5988   0.0201  -0.3430   0.1014  -0.1398  -0.2161
wf           -0.0697  -0.0976  -0.1299   0.0090   0.0134  -0.0299   0.0418   0.0000   0.0000  -0.4301  -0.4301   0.7939   0.0897   0.7719   0.5831   0.8396  -0.2522   1.0000  -0.0162  -0.1151  -0.3628  -0.3628   0.5176   0.0056   0.3002   0.4425   0.3845  -0.0697  -0.1299   0.5406  -0.0976   0.8950   0.0000   0.1626   0.0104   0.0000   0.0000   0.0000   0.6866   0.5763   0.1454  -0.0187   0.1744  -0.0353   0.0605   0.1315
rrf           0.5763   0.6611   0.3185   0.8570   0.8918   0.6105   0.6295   0.0000   0.0000  -0.0061  -0.0061   0.0044  -0.0392  -0.0211   0.0141  -0.0005   0.0274  -0.0162   1.0000   0.3231   0.3867   0.3867   0.2474   0.9670   0.5351   0.2407   0.4934   0.5763   0.3185   0.1673   0.6611  -0.0210   0.9984   0.0047   0.0079   0.0000   0.0000   0.0000   0.0059   0.0200  -0.3619  -0.6725  -0.6272   0.4594  -0.6805  -0.2016
mc            0.5619   0.6466   0.5613   0.0016   0.0210  -0.0333   0.1910   0.1106  -0.0951  -0.0956  -0.0956   0.0532  -0.2774  -0.1359   0.1136  -0.0363   0.1366  -0.1151   0.3231   1.0000   0.4828   0.4828   0.4931   0.2003   0.4773   0.3769   0.5103   0.5619   0.5613   0.7510   0.6466  -0.1747   0.3076  -0.0158   0.1343  -0.0247  -0.2818   0.2083   0.0785   0.1690  -0.0467   0.1266  -0.6527   0.2059  -0.5461  -0.5507
zcap          0.5980   0.5742   0.4321   0.1908   0.1664   0.2286   0.3579   0.0346  -0.0408   0.6938   0.6938  -0.5863  -0.0137  -0.5183  -0.1794  -0.0987   0.4584  -0.3628   0.3867   0.4828   1.0000   1.0000  -0.2486   0.3389   0.1864   0.0598   0.3460   0.5980   0.4321   0.0591   0.5742  -0.0590   0.3832   0.2262   0.0712  -0.0247  -0.1166   0.0761  -0.6419  -0.6409   0.0998   0.0041  -0.6430   0.2827  -0.5126  -0.3837
rk            0.5980   0.5742   0.4321   0.1908   0.1664   0.2286   0.3579   0.0346  -0.0408   0.6938   0.6938  -0.5863  -0.0137  -0.5183  -0.1794  -0.0987   0.4584  -0.3628   0.3867   0.4828   1.0000   1.0000  -0.2486   0.3389   0.1864   0.0598   0.3460   0.5980   0.4321   0.0591   0.5742  -0.0590   0.3832   0.2262   0.0712  -0.0247  -0.1166   0.0761  -0.6419  -0.6409   0.0998   0.0041  -0.6430   0.2827  -0.5126  -0.3837
k             0.5061   0.3374   0.1372   0.0336   0.0602  -0.0579   0.1337   0.0212  -0.0250  -0.6344  -0.6344   0.7354  -0.3066   0.4064   0.4939   0.4508  -0.1015   0.5176   0.2474   0.4931  -0.2486  -0.2486   1.0000   0.1358   0.7543   0.7156   0.7589   0.5061   0.1372   0.7697   0.3374   0.2598   0.2385   0.0428   0.1705  -0.0154  -0.1021  -0.0955   0.7301   0.9017   0.0012   0.0098  -0.1997   0.1300  -0.3785  -0.1088
pk            0.4428   0.4900   0.1838   0.8912   0.9291   0.6295   0.6223   0.0105  -0.0103   0.0471   0.0471  -0.0582   0.1684   0.0489  -0.1242  -0.0400  -0.0811   0.0056   0.9670   0.2003   0.3389   0.3389   0.1358   1.0000   0.4586   0.0864   0.3767   0.4428   0.1838   0.0868   0.4900   0.0294   0.9742  -0.0004  -0.1381  -0.0450  -0.0210   0.0061  -0.0631  -0.0517  -0.3698  -0.7502  -0.4557   0.4392  -0.5190  -0.0600
c             0.7796   0.5741   0.2071   0.2182   0.2350   0.1238   0.3624  -0.0087  -0.0068  -0.2907  -0.2907   0.3157  -0.0061   0.3510   0.2098   0.1681  -0.2252   0.3002   0.5351   0.4773   0.1864   0.1864   0.7543   0.4586   1.0000   0.5954   0.8632   0.7796   0.2071   0.5322   0.5741   0.1889   0.5385  -0.1318   0.0012  -0.0257  -0.0488  -0.1882   0.3190   0.5092  -0.2435  -0.0886  -0.3879   0.3070  -0.6507  -0.1284
inve          0.5821   0.3590   0.1487   0.1279   0.1260   0.1406   0.2927  -0.0050  -0.0171  -0.3068  -0.3068   0.5168  -0.6141   0.1976   0.8509   0.5095   0.1340   0.4425   0.2407   0.3769   0.0598   0.0598   0.7156   0.0864   0.5954   1.0000   0.7524   0.5821   0.1487   0.5647   0.3590   0.3386   0.2254  -0.0790   0.5228  -0.0231  -0.0861  -0.1399   0.4899   0.5670  -0.1276  -0.0115  -0.3226   0.1985  -0.3924  -0.0993
y             0.8849   0.5994   0.2598   0.2209   0.2208   0.1598   0.3971  -0.0037  -0.0158  -0.1024  -0.1024   0.3563  -0.2450   0.1089   0.3959   0.5024   0.2228   0.3845   0.4934   0.5103   0.3460   0.3460   0.7589   0.3767   0.8632   0.7524   1.0000   0.8849   0.2598   0.6072   0.5994   0.3753   0.4877   0.2758   0.2072  -0.0287  -0.0787  -0.1692   0.2829   0.4507   0.1218  -0.0559  -0.4852   0.3133  -0.6513  -0.1843
lab           1.0000   0.7194   0.3482   0.2710   0.2678   0.2196   0.4476  -0.0138  -0.0110   0.1169   0.1169  -0.0179  -0.2889  -0.2514   0.1376   0.1296   0.3528  -0.0697   0.5763   0.5619   0.5980   0.5980   0.5061   0.4428   0.7796   0.5821   0.8849   1.0000   0.3482   0.3315   0.7194  -0.0195   0.5634   0.2094   0.2107  -0.0326  -0.0644  -0.1901  -0.0463   0.1373   0.0384  -0.0688  -0.6357   0.3787  -0.7619  -0.2603
pinf          0.3482   0.7299   1.0000   0.0226   0.0313   0.0110   0.0490   0.1646   0.3758   0.0401   0.0401  -0.0310  -0.2847  -0.2055   0.1219  -0.0004   0.2263  -0.1299   0.3185   0.5613   0.4321   0.4321   0.1372   0.1838   0.2071   0.1487   0.2598   0.3482   1.0000   0.3398   0.7299  -0.1241   0.3063   0.0424   0.2134  -0.0728   0.4296   0.3657  -0.0248  -0.0845  -0.0978   0.1027  -0.8131   0.4416  -0.4779  -0.9569
w             0.3315   0.3801   0.3398  -0.0569  -0.0372  -0.1007   0.1014   0.1019  -0.0831  -0.3781  -0.3781   0.5652  -0.1728   0.3845   0.4582   0.4982  -0.0574   0.5406   0.1673   0.7510   0.0591   0.0591   0.7697   0.0868   0.5322   0.5647   0.6072   0.3315   0.3398   1.0000   0.3801   0.4120   0.1644   0.0894   0.1117  -0.0157  -0.2478   0.1873   0.5213   0.5795   0.0811   0.1161  -0.3384   0.0894  -0.3147  -0.3448
r             0.7194   1.0000   0.7299   0.2668   0.2899   0.1633   0.3693   0.0230   0.0434   0.0010   0.0010   0.0085  -0.2754  -0.1938   0.1522   0.0167   0.2004  -0.0976   0.6611   0.6466   0.5742   0.5742   0.3374   0.4900   0.5741   0.3590   0.5994   0.7194   0.7299   0.3801   1.0000  -0.1076   0.6491   0.0412   0.1733   0.1218   0.0737   0.1073   0.0155   0.0101  -0.1228   0.0077  -0.9559   0.3181  -0.9463  -0.6998
a            -0.0195  -0.1076  -0.1241   0.0359   0.0170   0.0509   0.0859   0.0000   0.0000   0.0176   0.0176   0.4662   0.1980   0.5471   0.4630   0.8675  -0.0191   0.8950  -0.0210  -0.1747  -0.0590  -0.0590   0.2598   0.0294   0.1889   0.3386   0.3753  -0.0195  -0.1241   0.4120  -0.1076   1.0000   0.0000   0.3498   0.0000   0.0000   0.0000   0.0000   0.3023   0.2385   0.3003  -0.0268   0.1416  -0.0171   0.0818   0.1310
b             0.5634   0.6491   0.3063   0.8616   0.8942   0.6254   0.6328   0.0000   0.0000   0.0000   0.0000   0.0000   0.0000   0.0000   0.0000   0.0000   0.0000   0.0000   0.9984   0.3076   0.3832   0.3832   0.2385   0.9742   0.5385   0.2254   0.4877   0.5634   0.3063   0.1644   0.6491   0.0000   1.0000   0.0000   0.0000   0.0000   0.0000   0.0000   0.0000   0.0141  -0.3657  -0.6780  -0.6123   0.4561  -0.6707  -0.1892
g             0.2094   0.0412   0.0424   0.0145  -0.0065  -0.0065   0.0103   0.0000   0.0000   0.3436   0.3436   0.0518  -0.0180  -0.3784  -0.1227   0.5699   0.7310   0.1626   0.0047  -0.0158   0.2262   0.2262   0.0428  -0.0004  -0.1318  -0.0790   0.2758   0.2094   0.0424   0.0894   0.0412   0.3498   0.0000   1.0000   0.0000   0.0000   0.0000   0.0000  -0.1088  -0.0756   0.8728   0.0184  -0.0828   0.0033  -0.0292  -0.0456
qs            0.2107   0.1733   0.2134   0.1354   0.0008   0.5365   0.1590   0.0000   0.0000  -0.0233  -0.0233   0.1590  -0.7890  -0.1733   0.5888   0.2553   0.4366   0.0104   0.0079   0.1343   0.0712   0.0712   0.1705  -0.1381   0.0012   0.5228   0.2072   0.2107   0.2134   0.1117   0.1733   0.0000   0.0000   0.0000   1.0000   0.0000   0.0000   0.0000   0.1555   0.1377  -0.0889  -0.0782  -0.3212   0.1624  -0.1071  -0.1822
ms           -0.0326   0.1218  -0.0728  -0.0553  -0.0466  -0.0700  -0.0659   0.0000   0.0000   0.0000   0.0000   0.0000   0.0000   0.0000   0.0000   0.0000   0.0000   0.0000   0.0000  -0.0247  -0.0247  -0.0247  -0.0154  -0.0450  -0.0257  -0.0231  -0.0287  -0.0326  -0.0728  -0.0157   0.1218   0.0000   0.0000   0.0000   0.0000   1.0000   0.0000   0.0000   0.0000  -0.0013  -0.0317  -0.0906  -0.0735  -0.1137  -0.2103   0.0432
spinf        -0.0644   0.0737   0.4296  -0.0428  -0.0209  -0.0731  -0.4004   0.0000   0.9244   0.0000   0.0000   0.0000   0.0000   0.0000   0.0000   0.0000   0.0000   0.0000   0.0000  -0.2818  -0.1166  -0.1166  -0.1021  -0.0210  -0.0488  -0.0861  -0.0787  -0.0644   0.4296  -0.2478   0.0737   0.0000   0.0000   0.0000   0.0000   0.0000   1.0000   0.0000   0.0000  -0.0273  -0.0911  -0.0647  -0.0828   0.5176   0.0467  -0.3049
sw           -0.1901   0.1073   0.3657  -0.0183  -0.0268  -0.0291   0.4142   0.9022   0.0000   0.0000   0.0000   0.0000   0.0000   0.0000   0.0000   0.0000   0.0000   0.0000   0.0000   0.2083   0.0761   0.0761  -0.0955   0.0061  -0.1882  -0.1399  -0.1692  -0.1901   0.3657   0.1873   0.1073   0.0000   0.0000   0.0000   0.0000   0.0000   0.0000   1.0000   0.0000  -0.1134  -0.0783  -0.0666  -0.2289   0.2455   0.0737  -0.3228
kpf          -0.0463   0.0155  -0.0248  -0.0281   0.0001  -0.1116  -0.0315   0.0000   0.0000  -0.9275  -0.9275   0.9789  -0.2929   0.6682   0.5913   0.4850  -0.3362   0.6866   0.0059   0.0785  -0.6419  -0.6419   0.7301  -0.0631   0.3190   0.4899   0.2829  -0.0463  -0.0248   0.5213   0.0155   0.3023   0.0000  -0.1088   0.1555   0.0000   0.0000   0.0000   1.0000   0.8684  -0.0878   0.0087   0.0680  -0.0261  -0.0411   0.0188
kp            0.1373   0.0101  -0.0845  -0.0538  -0.0250  -0.1323  -0.0469  -0.0002  -0.0008  -0.8092  -0.8092   0.8482  -0.2670   0.5491   0.5043   0.4126  -0.2724   0.5763   0.0200   0.1690  -0.6409  -0.6409   0.9017  -0.0517   0.5092   0.5670   0.4507   0.1373  -0.0845   0.5795   0.0101   0.2385   0.0141  -0.0756   0.1377  -0.0013  -0.0273  -0.1134   0.8684   1.0000  -0.0527   0.0035   0.1240  -0.0198  -0.0697   0.0865
v             0.0384  -0.1228  -0.0978  -0.3884  -0.3786  -0.3470  -0.2635  -0.0746  -0.0868   0.2819   0.2819   0.0487   0.0354  -0.3531  -0.1116   0.4788   0.5988   0.1454  -0.3619  -0.0467   0.0998   0.0998   0.0012  -0.3698  -0.2435  -0.1276   0.1218   0.0384  -0.0978   0.0811  -0.1228   0.3003  -0.3657   0.8728  -0.0889  -0.0317  -0.0911  -0.0783  -0.0878  -0.0527   1.0000   0.3945   0.1196  -0.3243   0.1030   0.0026
rn           -0.0688   0.0077   0.1027  -0.8764  -0.8635  -0.7463  -0.4636  -0.1267  -0.0923  -0.0124  -0.0124   0.0056  -0.0197  -0.0837   0.0450  -0.0070   0.0201  -0.0187  -0.6725   0.1266   0.0041   0.0041   0.0098  -0.7502  -0.0886  -0.0115  -0.0559  -0.0688   0.1027   0.1161   0.0077  -0.0268  -0.6780   0.0184  -0.0782  -0.0906  -0.0647  -0.0666   0.0087   0.0035   0.3945   1.0000   0.0484  -0.4229   0.0090  -0.2499
q            -0.6357  -0.9559  -0.8131  -0.3086  -0.3068  -0.2703  -0.3996  -0.0849  -0.0619  -0.1044  -0.1044   0.0682   0.3931   0.3122  -0.1851  -0.0214  -0.3430   0.1744  -0.6272  -0.6527  -0.6430  -0.6430  -0.1997  -0.4557  -0.3879  -0.3226  -0.4852  -0.6357  -0.8131  -0.3384  -0.9559   0.1416  -0.6123  -0.0828  -0.3212  -0.0735  -0.0828  -0.2289   0.0680   0.1240   0.1196   0.0484   1.0000  -0.3801   0.8374   0.7712
s             0.3787   0.3181   0.4416   0.3929   0.3797   0.3715   0.3036   0.2795   0.6382   0.0446   0.0446  -0.0219  -0.1272  -0.0136   0.0324   0.0223   0.1014  -0.0353   0.4594   0.2059   0.2827   0.2827   0.1300   0.4392   0.3070   0.1985   0.3133   0.3787   0.4416   0.0894   0.3181  -0.0171   0.4561   0.0033   0.1624  -0.1137   0.5176   0.2455  -0.0261  -0.0198  -0.3243  -0.4229  -0.3801   1.0000  -0.1991  -0.1619
rr           -0.7619  -0.9463  -0.4779  -0.2990  -0.3300  -0.1650  -0.3917   0.0799   0.0680   0.0300   0.0300  -0.0336   0.2136   0.1478  -0.1384  -0.0191  -0.1398   0.0605  -0.6805  -0.5461  -0.5126  -0.5126  -0.3785  -0.5190  -0.6507  -0.3924  -0.6513  -0.7619  -0.4779  -0.3147  -0.9463   0.0818  -0.6707  -0.0292  -0.1071  -0.2103   0.0467   0.0737  -0.0411  -0.0697   0.1030   0.0090   0.8374  -0.1991   1.0000   0.4611
vstar        -0.2603  -0.6998  -0.9569   0.1023   0.0885   0.1082   0.0444  -0.0905  -0.2067  -0.0296  -0.0296   0.0270   0.2720   0.2216  -0.1236   0.0077  -0.2161   0.1315  -0.2016  -0.5507  -0.3837  -0.3837  -0.1088  -0.0600  -0.1284  -0.0993  -0.1843  -0.2603  -0.9569  -0.3448  -0.6998   0.1310  -0.1892  -0.0456  -0.1822   0.0432  -0.3049  -0.3228   0.0188   0.0865   0.0026  -0.2499   0.7712  -0.1619   0.4611   1.0000



COEFFICIENTS OF AUTOCORRELATION
Order           1       2       3       4       5
labobs     0.8668  0.7164  0.5902  0.4901  0.4113
robs       0.8242  0.6351  0.4852  0.3726  0.2882
pinfobs    0.8543  0.7249  0.6113  0.5132  0.4297
dy         0.0788 -0.0799 -0.0903 -0.0755 -0.0600
dc         0.0614 -0.0990 -0.1030 -0.0820 -0.0620
dinve      0.3200  0.1022  0.0106 -0.0360 -0.0607
dw         0.3373  0.2066  0.1164  0.0512  0.0045
ewma       0.0000  0.0000  0.0000  0.0000  0.0000
epinfma    0.0000  0.0000  0.0000  0.0000  0.0000
zcapf      0.9944  0.9852  0.9734  0.9597  0.9446
rkf        0.9944  0.9852  0.9734  0.9597  0.9446
kf         0.9974  0.9920  0.9844  0.9751  0.9644
pkf        0.8700  0.7391  0.6191  0.5143  0.4250
cf         0.9913  0.9725  0.9484  0.9220  0.8951
invef      0.9742  0.9209  0.8546  0.7842  0.7147
yf         0.9757  0.9442  0.9105  0.8768  0.8441
labf       0.9241  0.8536  0.7910  0.7367  0.6901
wf         0.9712  0.9448  0.9199  0.8961  0.8730
rrf        0.2207  0.0493  0.0114  0.0030  0.0010
mc         0.9422  0.8653  0.7829  0.7004  0.6209
zcap       0.9387  0.8644  0.7966  0.7376  0.6864
rk         0.9387  0.8644  0.7966  0.7376  0.6864
k          0.9769  0.9463  0.9156  0.8863  0.8585
pk         0.1662  0.0049 -0.0173 -0.0141 -0.0086
c          0.8895  0.7655  0.6633  0.5839  0.5226
inve       0.9604  0.8956  0.8226  0.7488  0.6778
y          0.9024  0.7893  0.6919  0.6121  0.5470
lab        0.8668  0.7164  0.5902  0.4901  0.4113
pinf       0.8543  0.7249  0.6113  0.5132  0.4297
w          0.9794  0.9450  0.9021  0.8543  0.8045
r          0.8242  0.6351  0.4852  0.3726  0.2882
a          0.9577  0.9172  0.8784  0.8412  0.8057
b          0.2194  0.0481  0.0106  0.0023  0.0005
g          0.9767  0.9539  0.9317  0.9100  0.8888
qs         0.7113  0.5059  0.3599  0.2560  0.1821
ms         0.1479  0.0219  0.0032  0.0005  0.0001
spinf      0.2904  0.2584  0.2298  0.2044  0.1818
sw         0.2767  0.2681  0.2597  0.2516  0.2438
kpf        0.9985  0.9944  0.9880  0.9797  0.9696
kp         0.9986  0.9946  0.9884  0.9802  0.9703
v          0.8621  0.7795  0.7339  0.7073  0.6893
rn         0.0043 -0.0383 -0.0337 -0.0241 -0.0165
q          0.8224  0.6650  0.5398  0.4417  0.3645
s          0.4095  0.1175 -0.0244 -0.0890 -0.1137
rr         0.7906  0.5705  0.4056  0.2900  0.2099
vstar      0.9476  0.8522  0.7446  0.6394  0.5437
Total computing time : 0h00m00s
Note: 1 warning(s) encountered in the preprocessor
Note: warning(s) encountered in MATLAB/Octave code
